<?xml version='1.0' encoding='UTF-8'?>
<testsuite hostname="admin-manjaro" name="com.tp.spark.core.Ex3HashTagMiningSpec" tests="3" errors="0" failures="0" skipped="0" time="3.018" timestamp="2022-03-04T13:22:25">
          <properties>
[...]
</properties>
          <testcase classname="com.tp.spark.core.Ex3HashTagMiningSpec" name="should count the hashtag mentioned on tweets" time="1.926">
                      
                    </testcase><testcase classname="com.tp.spark.core.Ex3HashTagMiningSpec" name="should count the number of mention by hashtag" time="0.767">
                      
                    </testcase><testcase classname="com.tp.spark.core.Ex3HashTagMiningSpec" name="should define the top10" time="0.325">
                      
                    </testcase>
          <system-out><![CDATA[]]></system-out>
          <system-err><![CDATA[]]></system-err>
        </testsuite>