<?xml version='1.0' encoding='UTF-8'?>
<testsuite hostname="admin-manjaro" name="com.tp.spark.core.Ex4InvertedIndexSpec" tests="1" errors="0" failures="1" skipped="0" time="1.29" timestamp="2022-03-04T13:22:25">
          <properties>
[...]
</properties>
          <testcase classname="com.tp.spark.core.Ex4InvertedIndexSpec" name="should return an inverted index" time="1.29">
                      <failure message="an implementation is missing" type="scala.NotImplementedError">scala.NotImplementedError: an implementation is missing
	at scala.Predef$.$qmark$qmark$qmark(Predef.scala:288)
	at com.tp.spark.core.Ex4InvertedIndex$.invertedIndex(Ex4InvertedIndex.scala:34)
	at com.tp.spark.core.Ex4InvertedIndexSpec.$anonfun$new$1(Ex4InvertedIndexSpec.scala:11)
	at org.scalatest.OutcomeOf.outcomeOf(OutcomeOf.scala:85)
	at org.scalatest.OutcomeOf.outcomeOf$(OutcomeOf.scala:83)
	at org.scalatest.OutcomeOf$.outcomeOf(OutcomeOf.scala:104)
	at org.scalatest.Transformer.apply(Transformer.scala:22)
	at org.scalatest.Transformer.apply(Transformer.scala:20)
	at org.scalatest.FunSuiteLike$$anon$1.apply(FunSuiteLike.scala:186)
	at org.scalatest.TestSuite.withFixture(TestSuite.scala:196)
	at org.scalatest.TestSuite.withFixture$(TestSuite.scala:195)
	at org.scalatest.FunSuite.withFixture(FunSuite.scala:1560)
	at org.scalatest.FunSuiteLike.invokeWithFixture$1(FunSuiteLike.scala:184)
	at org.scalatest.FunSuiteLike.$anonfun$runTest$1(FunSuiteLike.scala:196)
	at org.scalatest.SuperEngine.runTestImpl(Engine.scala:286)
	at org.scalatest.FunSuiteLike.runTest(FunSuiteLike.scala:196)
	at org.scalatest.FunSuiteLike.runTest$(FunSuiteLike.scala:178)
	at org.scalatest.FunSuite.runTest(FunSuite.scala:1560)
	at org.scalatest.FunSuiteLike.$anonfun$runTests$1(FunSuiteLike.scala:229)
	at org.scalatest.SuperEngine.$anonfun$runTestsInBranch$1(Engine.scala:393)
	at scala.collection.immutable.List.foreach(List.scala:392)
	at org.scalatest.SuperEngine.traverseSubNodes$1(Engine.scala:381)
	at org.scalatest.SuperEngine.runTestsInBranch(Engine.scala:376)
	at org.scalatest.SuperEngine.runTestsImpl(Engine.scala:458)
	at org.scalatest.FunSuiteLike.runTests(FunSuiteLike.scala:229)
	at org.scalatest.FunSuiteLike.runTests$(FunSuiteLike.scala:228)
	at org.scalatest.FunSuite.runTests(FunSuite.scala:1560)
	at org.scalatest.Suite.run(Suite.scala:1124)
	at org.scalatest.Suite.run$(Suite.scala:1106)
	at org.scalatest.FunSuite.org$scalatest$FunSuiteLike$$super$run(FunSuite.scala:1560)
	at org.scalatest.FunSuiteLike.$anonfun$run$1(FunSuiteLike.scala:233)
	at org.scalatest.SuperEngine.runImpl(Engine.scala:518)
	at org.scalatest.FunSuiteLike.run(FunSuiteLike.scala:233)
	at org.scalatest.FunSuiteLike.run$(FunSuiteLike.scala:232)
	at org.scalatest.FunSuite.run(FunSuite.scala:1560)
	at org.scalatest.tools.Framework.org$scalatest$tools$Framework$$runSuite(Framework.scala:317)
	at org.scalatest.tools.Framework$ScalaTestTask.execute(Framework.scala:510)
	at sbt.TestRunner.runTest$1(TestFramework.scala:140)
	at sbt.TestRunner.run(TestFramework.scala:155)
	at sbt.TestFramework$$anon$3$$anonfun$$lessinit$greater$1.$anonfun$apply$1(TestFramework.scala:318)
	at sbt.TestFramework$.sbt$TestFramework$$withContextLoader(TestFramework.scala:278)
	at sbt.TestFramework$$anon$3$$anonfun$$lessinit$greater$1.apply(TestFramework.scala:318)
	at sbt.TestFramework$$anon$3$$anonfun$$lessinit$greater$1.apply(TestFramework.scala:318)
	at sbt.TestFunction.apply(TestFramework.scala:330)
	at sbt.Tests$.$anonfun$toTask$1(Tests.scala:435)
	at sbt.std.Transform$$anon$3.$anonfun$apply$2(Transform.scala:46)
	at sbt.std.Transform$$anon$4.work(Transform.scala:68)
	at sbt.Execute.$anonfun$submit$2(Execute.scala:282)
	at sbt.internal.util.ErrorHandling$.wideConvert(ErrorHandling.scala:23)
	at sbt.Execute.work(Execute.scala:291)
	at sbt.Execute.$anonfun$submit$1(Execute.scala:282)
	at sbt.ConcurrentRestrictions$$anon$4.$anonfun$submitValid$1(ConcurrentRestrictions.scala:265)
	at sbt.CompletionService$$anon$2.call(CompletionService.scala:64)
	at java.base/java.util.concurrent.FutureTask.run(FutureTask.java:264)
	at java.base/java.util.concurrent.Executors$RunnableAdapter.call(Executors.java:515)
	at java.base/java.util.concurrent.FutureTask.run(FutureTask.java:264)
	at java.base/java.util.concurrent.ThreadPoolExecutor.runWorker(ThreadPoolExecutor.java:1128)
	at java.base/java.util.concurrent.ThreadPoolExecutor$Worker.run(ThreadPoolExecutor.java:628)
	at java.base/java.lang.Thread.run(Thread.java:829)
</failure>
                    </testcase>
          <system-out><![CDATA[]]></system-out>
          <system-err><![CDATA[]]></system-err>
        </testsuite>